[INFO] 2017-12-06 17:24:47 cuiyufei ./run.sh 开始创建表格...
[INFO] 2017-12-06 17:24:49 cuiyufei ./run.sh 创建表格DWA_V_M_CUS_CB_USER_INFO_201708的sql文件成功！
[INFO] 2017-12-06 17:25:09 cuiyufei ./run.sh hive创建表格DWA_V_M_CUS_CB_USER_INFO_201708成功！
[INFO] 2017-12-06 17:25:31 cuiyufei ./run.sh hive导入数据/user/cuiyufei/hive/CPHQ-20170913-170053_DWA_V_M_CUS_CB_USER_INFO_010_01_0000001.070=>DWA_V_M_CUS_CB_USER_INFO_201708成功！
[INFO] 2017-12-06 17:25:31 cuiyufei ./run.sh 开始创建表格...
[INFO] 2017-12-06 17:25:33 cuiyufei ./run.sh 创建表格DWA_V_M_CUS_NM_CHARGE_201708的sql文件成功！
[INFO] 2017-12-06 17:25:53 cuiyufei ./run.sh hive创建表格DWA_V_M_CUS_NM_CHARGE_201708成功！
[INFO] 2017-12-06 17:26:15 cuiyufei ./run.sh hive导入数据/user/cuiyufei/hive/CPHQ-20170913-170053_DWA_V_M_CUS_NM_CHARGE_070_01~11_0000001.070=>DWA_V_M_CUS_NM_CHARGE_201708成功！
[INFO] 2017-12-06 17:26:15 cuiyufei ./run.sh 开始创建表格...
[INFO] 2017-12-06 17:26:16 cuiyufei ./run.sh 创建表格DWA_V_M_CUS_NM_SING_FLUX_201708的sql文件成功！
[INFO] 2017-12-06 17:26:36 cuiyufei ./run.sh hive创建表格DWA_V_M_CUS_NM_SING_FLUX_201708成功！
[INFO] 2017-12-06 17:26:58 cuiyufei ./run.sh hive导入数据/user/cuiyufei/hive/CPHQ-20170913-170053_DWA_V_M_CUS_NM_SING_FLUX_070_01_0000001.070=>DWA_V_M_CUS_NM_SING_FLUX_201708成功！
[INFO] 2017-12-06 17:26:58 cuiyufei ./run.sh 开始创建表格...
[INFO] 2017-12-06 17:26:59 cuiyufei ./run.sh 创建表格DWD_D_USE_CB_FLUX_201708的sql文件成功！
[INFO] 2017-12-06 17:27:20 cuiyufei ./run.sh hive创建表格DWD_D_USE_CB_FLUX_201708成功！
[INFO] 2017-12-06 17:27:42 cuiyufei ./run.sh hive导入数据/user/cuiyufei/hive/CPHQ-20170913-170053_DWD_D_USE_CB_FLUX_070_01_31_0000001.070=>DWD_D_USE_CB_FLUX_201708成功！
[INFO] 2017-12-06 17:27:42 cuiyufei ./run.sh 开始创建表格...
[INFO] 2017-12-06 17:27:43 cuiyufei ./run.sh 创建表格DWD_D_USE_CB_SMS_201708的sql文件成功！
[INFO] 2017-12-06 17:28:03 cuiyufei ./run.sh hive创建表格DWD_D_USE_CB_SMS_201708成功！
[INFO] 2017-12-06 17:28:25 cuiyufei ./run.sh hive导入数据/user/cuiyufei/hive/CPHQ-20170913-170053_DWD_D_USE_CB_SMS_070_01_31_0000001.070=>DWD_D_USE_CB_SMS_201708成功！
[INFO] 2017-12-06 17:28:25 cuiyufei ./run.sh 开始创建表格...
[INFO] 2017-12-06 17:28:26 cuiyufei ./run.sh 创建表格DWD_D_USE_CB_VOICE_201708的sql文件成功！
[INFO] 2017-12-06 17:28:47 cuiyufei ./run.sh hive创建表格DWD_D_USE_CB_VOICE_201708成功！
[INFO] 2017-12-06 17:29:09 cuiyufei ./run.sh hive导入数据/user/cuiyufei/hive/CPHQ-20170913-170053_DWD_D_USE_CB_VOICE_070_01_31_0000001.070=>DWD_D_USE_CB_VOICE_201708成功！
[INFO] 2017-12-06 17:29:09 cuiyufei ./run.sh 开始创建表格...
[INFO] 2017-12-06 17:29:10 cuiyufei ./run.sh 创建表格DWA_V_M_CUS_CB_RNS_201708的sql文件成功！
[INFO] 2017-12-06 17:29:31 cuiyufei ./run.sh hive创建表格DWA_V_M_CUS_CB_RNS_201708成功！
[INFO] 2017-12-06 17:29:52 cuiyufei ./run.sh hive导入数据/user/cuiyufei/hive/CPHQ-20170915-102753_DWA_V_M_CUS_CB_RNS_070_01_0000001.070=>DWA_V_M_CUS_CB_RNS_201708成功！
[INFO] 2017-12-06 17:29:53 cuiyufei ./run.sh 开始创建表格...
[INFO] 2017-12-06 17:29:54 cuiyufei ./run.sh 创建表格DWD_M_ACC_CB_ACCT_DEPOSIT_201708的sql文件成功！
[INFO] 2017-12-06 17:30:15 cuiyufei ./run.sh hive创建表格DWD_M_ACC_CB_ACCT_DEPOSIT_201708成功！
[INFO] 2017-12-06 17:30:37 cuiyufei ./run.sh hive导入数据/user/cuiyufei/hive/CPHQ-20171114-153943_DWD_M_ACC_CB_ACCT_DEPOSIT_070_01_0000001.070=>DWD_M_ACC_CB_ACCT_DEPOSIT_201708成功！
[INFO] 2017-12-06 17:30:37 cuiyufei ./run.sh 开始创建表格...
[INFO] 2017-12-06 17:30:38 cuiyufei ./run.sh 创建表格DWD_M_ACC_CB_PAYLOG_201708的sql文件成功！
[INFO] 2017-12-06 17:30:59 cuiyufei ./run.sh hive创建表格DWD_M_ACC_CB_PAYLOG_201708成功！
[INFO] 2017-12-06 17:31:20 cuiyufei ./run.sh hive导入数据/user/cuiyufei/hive/CPHQ-20171114-153943_DWD_M_ACC_CB_PAYLOG_070_01_0000001.070=>DWD_M_ACC_CB_PAYLOG_201708成功！
[INFO] 2017-12-06 17:31:20 cuiyufei ./run.sh 开始创建表格...
[INFO] 2017-12-06 17:31:22 cuiyufei ./run.sh 创建表格DWA_V_M_CUS_CB_USER_3WU_201708的sql文件成功！
[INFO] 2017-12-06 17:31:43 cuiyufei ./run.sh hive创建表格DWA_V_M_CUS_CB_USER_3WU_201708成功！
[INFO] 2017-12-06 17:32:04 cuiyufei ./run.sh hive导入数据/user/cuiyufei/hive/CPHQ-CPHQ-20170913-170053_DWA_V_M_CUS_CB_USER_3WU_070_01_0000001.070=>DWA_V_M_CUS_CB_USER_3WU_201708成功！
[INFO] 2017-12-06 17:32:04 cuiyufei ./run.sh 对语音和流量表进行过滤，过滤掉month_id和开始时间不对应的数据
[INFO] 2017-12-06 17:33:07 cuiyufei ./run.sh ########################user telephone info#####################################
[INFO] 2017-12-06 17:33:07 cuiyufei ./run.sh 移网用户自然月内的漫游天数
[INFO] 2017-12-06 17:33:28 cuiyufei ./run.sh 用户当月通话次数
[INFO] 2017-12-06 17:33:48 cuiyufei ./run.sh 用户当月主叫通话次数
[INFO] 2017-12-06 17:34:09 cuiyufei ./run.sh 用户当月被叫对方号码个数oppose_number
[INFO] 2017-12-06 17:34:51 cuiyufei ./run.sh 当月累计-使用天数（含语音、流量、短信)
[INFO] 2017-12-06 17:37:40 cuiyufei ./run.sh 当月累计-未产生话单天数
[INFO] 2017-12-06 17:38:21 cuiyufei ./run.sh 创建user_id，cust_id， month_id
[INFO] 2017-12-06 17:39:03 cuiyufei ./run.sh 创建all_merge_with_cust_sex
[INFO] 2017-12-06 17:39:24 cuiyufei ./run.sh #################################base_info########################################
[INFO] 2017-12-06 17:39:24 cuiyufei ./run.sh 转换user_id=>dwa_v_m_cus_nm_charge_010
[INFO] 2017-12-06 17:39:45 cuiyufei ./run.sh 转换user_id=>dwa_v_m_cus_nm_sing_flux_010
[INFO] 2017-12-06 17:40:06 cuiyufei ./run.sh base_info
[INFO] 2017-12-06 17:40:27 cuiyufei ./run.sh ==================start=====================
[INFO] 2017-12-06 17:40:27 cuiyufei ./run.sh yue and fee
[INFO] 2017-12-06 17:42:57 cuiyufei ./run.sh ==================end=====================
[INFO] 2017-12-06 17:42:57 cuiyufei ./run.sh ##############################final_merge##########################################
[INFO] 2017-12-06 17:43:17 cuiyufei ./run.sh ==================start=====================
[INFO] 2017-12-06 17:43:38 cuiyufei ./run.sh ==================end=====================
[INFO] 2017-12-06 17:43:38 cuiyufei ./run.sh 将all_merge表格导出到本地
[INFO] 2017-12-06 17:44:11 cuiyufei ./run.sh 程序执行成功!用时:1171 seconds
