[INFO] 2017-11-28 14:43:55 cuiyufei ./run.sh 对语音和流量表进行过滤，过滤掉month_id和开始时间不对应的数据
[INFO] 2017-11-28 14:44:48 cuiyufei ./run.sh ########################user telephone info#####################################
[INFO] 2017-11-28 14:44:48 cuiyufei ./run.sh 移网用户自然月内的漫游天数
[INFO] 2017-11-28 14:45:06 cuiyufei ./run.sh 用户当月通话次数
[INFO] 2017-11-28 14:45:24 cuiyufei ./run.sh 用户当月主叫通话次数
[INFO] 2017-11-28 14:45:42 cuiyufei ./run.sh 用户当月被叫对方号码个数oppose_number
[INFO] 2017-11-28 14:46:00 cuiyufei ./run.sh 当月累计-使用天数（含语音、流量、短信)
[INFO] 2017-11-28 14:47:10 cuiyufei ./run.sh 开始创建表格...
[INFO] 2017-11-28 14:49:10 cuiyufei ./run.sh 开始创建表格...
[INFO] 2017-11-28 14:49:12 cuiyufei ./run.sh 创建表格DWA_V_M_CUS_CB_USER_INFO_201708的sql文件成功！
[INFO] 2017-11-28 14:49:31 cuiyufei ./run.sh hive创建表格DWA_V_M_CUS_CB_USER_INFO_201708成功！
[INFO] 2017-11-28 14:49:50 cuiyufei ./run.sh hive导入数据/user/cuiyufei/hive/CPHQ-20170913-170053_DWA_V_M_CUS_CB_USER_INFO_010_01_0000001.070=>DWA_V_M_CUS_CB_USER_INFO_201708成功！
[INFO] 2017-11-28 14:49:50 cuiyufei ./run.sh 开始创建表格...
[INFO] 2017-11-28 14:49:51 cuiyufei ./run.sh 创建表格DWA_V_M_CUS_NM_CHARGE_201708的sql文件成功！
[INFO] 2017-11-28 14:50:09 cuiyufei ./run.sh hive创建表格DWA_V_M_CUS_NM_CHARGE_201708成功！
[INFO] 2017-11-28 14:50:28 cuiyufei ./run.sh hive导入数据/user/cuiyufei/hive/CPHQ-20170913-170053_DWA_V_M_CUS_NM_CHARGE_070_01~11_0000001.070=>DWA_V_M_CUS_NM_CHARGE_201708成功！
[INFO] 2017-11-28 14:50:28 cuiyufei ./run.sh 开始创建表格...
[INFO] 2017-11-28 14:50:30 cuiyufei ./run.sh 创建表格DWA_V_M_CUS_NM_SING_FLUX_201708的sql文件成功！
[INFO] 2017-11-28 14:50:48 cuiyufei ./run.sh hive创建表格DWA_V_M_CUS_NM_SING_FLUX_201708成功！
[INFO] 2017-11-28 14:51:07 cuiyufei ./run.sh hive导入数据/user/cuiyufei/hive/CPHQ-20170913-170053_DWA_V_M_CUS_NM_SING_FLUX_070_01_0000001.070=>DWA_V_M_CUS_NM_SING_FLUX_201708成功！
[INFO] 2017-11-28 14:51:07 cuiyufei ./run.sh 开始创建表格...
[INFO] 2017-11-28 14:51:08 cuiyufei ./run.sh 创建表格DWD_D_USE_CB_FLUX_201708的sql文件成功！
[INFO] 2017-11-28 14:51:27 cuiyufei ./run.sh hive创建表格DWD_D_USE_CB_FLUX_201708成功！
[INFO] 2017-11-28 14:51:46 cuiyufei ./run.sh hive导入数据/user/cuiyufei/hive/CPHQ-20170913-170053_DWD_D_USE_CB_FLUX_070_01_31_0000001.070=>DWD_D_USE_CB_FLUX_201708成功！
[INFO] 2017-11-28 14:51:46 cuiyufei ./run.sh 开始创建表格...
[INFO] 2017-11-28 14:51:47 cuiyufei ./run.sh 创建表格DWD_D_USE_CB_SMS_201708的sql文件成功！
[INFO] 2017-11-28 14:52:06 cuiyufei ./run.sh hive创建表格DWD_D_USE_CB_SMS_201708成功！
[INFO] 2017-11-28 14:52:24 cuiyufei ./run.sh hive导入数据/user/cuiyufei/hive/CPHQ-20170913-170053_DWD_D_USE_CB_SMS_070_01_31_0000001.070=>DWD_D_USE_CB_SMS_201708成功！
[INFO] 2017-11-28 14:52:24 cuiyufei ./run.sh 开始创建表格...
[INFO] 2017-11-28 14:52:25 cuiyufei ./run.sh 创建表格DWD_D_USE_CB_VOICE_201708的sql文件成功！
[INFO] 2017-11-28 14:52:44 cuiyufei ./run.sh hive创建表格DWD_D_USE_CB_VOICE_201708成功！
[INFO] 2017-11-28 14:53:03 cuiyufei ./run.sh hive导入数据/user/cuiyufei/hive/CPHQ-20170913-170053_DWD_D_USE_CB_VOICE_070_01_31_0000001.070=>DWD_D_USE_CB_VOICE_201708成功！
[INFO] 2017-11-28 14:53:03 cuiyufei ./run.sh 开始创建表格...
[INFO] 2017-11-28 14:53:04 cuiyufei ./run.sh 创建表格DWA_V_M_CUS_CB_RNS_201708的sql文件成功！
[INFO] 2017-11-28 14:53:23 cuiyufei ./run.sh hive创建表格DWA_V_M_CUS_CB_RNS_201708成功！
[INFO] 2017-11-28 14:53:41 cuiyufei ./run.sh hive导入数据/user/cuiyufei/hive/CPHQ-20170915-102753_DWA_V_M_CUS_CB_RNS_070_01_0000001.070=>DWA_V_M_CUS_CB_RNS_201708成功！
[INFO] 2017-11-28 14:53:41 cuiyufei ./run.sh 开始创建表格...
[INFO] 2017-11-28 14:53:42 cuiyufei ./run.sh 创建表格DWA_V_M_CUS_CB_USER_3WU_201708的sql文件成功！
[INFO] 2017-11-28 14:54:01 cuiyufei ./run.sh hive创建表格DWA_V_M_CUS_CB_USER_3WU_201708成功！
[INFO] 2017-11-28 14:54:19 cuiyufei ./run.sh hive导入数据/user/cuiyufei/hive/CPHQ-CPHQ-20170913-170053_DWA_V_M_CUS_CB_USER_3WU_070_01_0000001.070=>DWA_V_M_CUS_CB_USER_3WU_201708成功！
[INFO] 2017-11-28 14:54:19 cuiyufei ./run.sh 对语音和流量表进行过滤，过滤掉month_id和开始时间不对应的数据
[INFO] 2017-11-28 14:58:00 cuiyufei ./run.sh 开始创建表格...
[INFO] 2017-11-28 14:58:01 cuiyufei ./run.sh 创建表格DWA_V_M_CUS_CB_USER_INFO_201708的sql文件成功！
[INFO] 2017-11-28 14:58:33 cuiyufei ./run.sh 开始创建表格...
[INFO] 2017-11-28 14:58:34 cuiyufei ./run.sh 创建表格DWA_V_M_CUS_CB_USER_INFO_201708的sql文件成功！
[INFO] 2017-11-28 14:58:53 cuiyufei ./run.sh hive创建表格DWA_V_M_CUS_CB_USER_INFO_201708成功！
[INFO] 2017-11-28 14:59:11 cuiyufei ./run.sh hive导入数据/user/cuiyufei/hive/CPHQ-20170913-170053_DWA_V_M_CUS_CB_USER_INFO_010_01_0000001.070=>DWA_V_M_CUS_CB_USER_INFO_201708成功！
[INFO] 2017-11-28 14:59:11 cuiyufei ./run.sh 开始创建表格...
[INFO] 2017-11-28 14:59:13 cuiyufei ./run.sh 创建表格DWA_V_M_CUS_NM_CHARGE_201708的sql文件成功！
[INFO] 2017-11-28 14:59:31 cuiyufei ./run.sh hive创建表格DWA_V_M_CUS_NM_CHARGE_201708成功！
[INFO] 2017-11-28 14:59:49 cuiyufei ./run.sh hive导入数据/user/cuiyufei/hive/CPHQ-20170913-170053_DWA_V_M_CUS_NM_CHARGE_070_01~11_0000001.070=>DWA_V_M_CUS_NM_CHARGE_201708成功！
[INFO] 2017-11-28 14:59:49 cuiyufei ./run.sh 开始创建表格...
[INFO] 2017-11-28 14:59:50 cuiyufei ./run.sh 创建表格DWA_V_M_CUS_NM_SING_FLUX_201708的sql文件成功！
[INFO] 2017-11-28 15:00:09 cuiyufei ./run.sh hive创建表格DWA_V_M_CUS_NM_SING_FLUX_201708成功！
[INFO] 2017-11-28 15:00:27 cuiyufei ./run.sh hive导入数据/user/cuiyufei/hive/CPHQ-20170913-170053_DWA_V_M_CUS_NM_SING_FLUX_070_01_0000001.070=>DWA_V_M_CUS_NM_SING_FLUX_201708成功！
[INFO] 2017-11-28 15:00:27 cuiyufei ./run.sh 开始创建表格...
[INFO] 2017-11-28 15:00:28 cuiyufei ./run.sh 创建表格DWD_D_USE_CB_FLUX_201708的sql文件成功！
[INFO] 2017-11-28 15:00:46 cuiyufei ./run.sh hive创建表格DWD_D_USE_CB_FLUX_201708成功！
[INFO] 2017-11-28 15:01:05 cuiyufei ./run.sh hive导入数据/user/cuiyufei/hive/CPHQ-20170913-170053_DWD_D_USE_CB_FLUX_070_01_31_0000001.070=>DWD_D_USE_CB_FLUX_201708成功！
[INFO] 2017-11-28 15:01:05 cuiyufei ./run.sh 开始创建表格...
[INFO] 2017-11-28 15:01:06 cuiyufei ./run.sh 创建表格DWD_D_USE_CB_SMS_201708的sql文件成功！
[INFO] 2017-11-28 15:01:25 cuiyufei ./run.sh hive创建表格DWD_D_USE_CB_SMS_201708成功！
[INFO] 2017-11-28 15:01:43 cuiyufei ./run.sh hive导入数据/user/cuiyufei/hive/CPHQ-20170913-170053_DWD_D_USE_CB_SMS_070_01_31_0000001.070=>DWD_D_USE_CB_SMS_201708成功！
[INFO] 2017-11-28 15:01:43 cuiyufei ./run.sh 开始创建表格...
[INFO] 2017-11-28 15:01:44 cuiyufei ./run.sh 创建表格DWD_D_USE_CB_VOICE_201708的sql文件成功！
[INFO] 2017-11-28 15:02:03 cuiyufei ./run.sh hive创建表格DWD_D_USE_CB_VOICE_201708成功！
[INFO] 2017-11-28 15:02:21 cuiyufei ./run.sh hive导入数据/user/cuiyufei/hive/CPHQ-20170913-170053_DWD_D_USE_CB_VOICE_070_01_31_0000001.070=>DWD_D_USE_CB_VOICE_201708成功！
[INFO] 2017-11-28 15:02:21 cuiyufei ./run.sh 开始创建表格...
[INFO] 2017-11-28 15:02:23 cuiyufei ./run.sh 创建表格DWA_V_M_CUS_CB_RNS_201708的sql文件成功！
[INFO] 2017-11-28 15:02:41 cuiyufei ./run.sh hive创建表格DWA_V_M_CUS_CB_RNS_201708成功！
[INFO] 2017-11-28 15:03:00 cuiyufei ./run.sh hive导入数据/user/cuiyufei/hive/CPHQ-20170915-102753_DWA_V_M_CUS_CB_RNS_070_01_0000001.070=>DWA_V_M_CUS_CB_RNS_201708成功！
[INFO] 2017-11-28 15:03:00 cuiyufei ./run.sh 开始创建表格...
[INFO] 2017-11-28 15:03:01 cuiyufei ./run.sh 创建表格DWA_V_M_CUS_CB_USER_3WU_201708的sql文件成功！
[INFO] 2017-11-28 15:03:19 cuiyufei ./run.sh hive创建表格DWA_V_M_CUS_CB_USER_3WU_201708成功！
[INFO] 2017-11-28 15:03:37 cuiyufei ./run.sh hive导入数据/user/cuiyufei/hive/CPHQ-CPHQ-20170913-170053_DWA_V_M_CUS_CB_USER_3WU_070_01_0000001.070=>DWA_V_M_CUS_CB_USER_3WU_201708成功！
[INFO] 2017-11-28 15:03:37 cuiyufei ./run.sh 开始创建表格...
