[INFO] 2017-12-20 16:28:13 cuiyufei ./load_data.sh 开始创建表格...
[INFO] 2017-12-20 16:28:18 cuiyufei ./load_data.sh 创建表格DWA_V_M_CUS_CB_USER_INFO_201708的sql文件成功！
[INFO] 2017-12-20 16:28:18 cuiyufei ./load_data.sh hive创建表格DWA_V_M_CUS_CB_USER_INFO_201708成功！
[INFO] 2017-12-20 16:28:18 cuiyufei ./load_data.sh hive导入数据/user/cuiyufei/hive/CPHQ-20170913-170053_DWA_V_M_CUS_CB_USER_INFO_010_01_0000001.070=>DWA_V_M_CUS_CB_USER_INFO_201708成功！
[INFO] 2017-12-20 16:28:18 cuiyufei ./load_data.sh 开始创建表格...
[INFO] 2017-12-20 16:28:18 cuiyufei ./load_data.sh 创建表格DWA_V_M_CUS_NM_CHARGE_201708的sql文件成功！
[INFO] 2017-12-20 16:28:18 cuiyufei ./load_data.sh hive创建表格DWA_V_M_CUS_NM_CHARGE_201708成功！
[INFO] 2017-12-20 16:28:18 cuiyufei ./load_data.sh hive导入数据/user/cuiyufei/hive/CPHQ-20170913-170053_DWA_V_M_CUS_NM_CHARGE_070_01~11_0000001.070=>DWA_V_M_CUS_NM_CHARGE_201708成功！
[INFO] 2017-12-20 16:28:19 cuiyufei ./load_data.sh 开始创建表格...
[INFO] 2017-12-20 16:28:19 cuiyufei ./load_data.sh 创建表格DWA_V_M_CUS_NM_SING_FLUX_201708的sql文件成功！
[INFO] 2017-12-20 16:28:19 cuiyufei ./load_data.sh hive创建表格DWA_V_M_CUS_NM_SING_FLUX_201708成功！
[INFO] 2017-12-20 16:28:19 cuiyufei ./load_data.sh hive导入数据/user/cuiyufei/hive/CPHQ-20170913-170053_DWA_V_M_CUS_NM_SING_FLUX_070_01_0000001.070=>DWA_V_M_CUS_NM_SING_FLUX_201708成功！
[INFO] 2017-12-20 16:28:19 cuiyufei ./load_data.sh 开始创建表格...
[INFO] 2017-12-20 16:28:19 cuiyufei ./load_data.sh 创建表格DWD_D_USE_CB_FLUX_201708的sql文件成功！
[INFO] 2017-12-20 16:28:19 cuiyufei ./load_data.sh hive创建表格DWD_D_USE_CB_FLUX_201708成功！
[INFO] 2017-12-20 16:28:19 cuiyufei ./load_data.sh hive导入数据/user/cuiyufei/hive/CPHQ-20170913-170053_DWD_D_USE_CB_FLUX_070_01_31_0000001.070=>DWD_D_USE_CB_FLUX_201708成功！
[INFO] 2017-12-20 16:28:19 cuiyufei ./load_data.sh 开始创建表格...
[INFO] 2017-12-20 16:28:20 cuiyufei ./load_data.sh 创建表格DWD_D_USE_CB_SMS_201708的sql文件成功！
[INFO] 2017-12-20 16:28:20 cuiyufei ./load_data.sh hive创建表格DWD_D_USE_CB_SMS_201708成功！
[INFO] 2017-12-20 16:28:20 cuiyufei ./load_data.sh hive导入数据/user/cuiyufei/hive/CPHQ-20170913-170053_DWD_D_USE_CB_SMS_070_01_31_0000001.070=>DWD_D_USE_CB_SMS_201708成功！
[INFO] 2017-12-20 16:28:20 cuiyufei ./load_data.sh 开始创建表格...
[INFO] 2017-12-20 16:28:20 cuiyufei ./load_data.sh 创建表格DWD_D_USE_CB_VOICE_201708的sql文件成功！
[INFO] 2017-12-20 16:28:20 cuiyufei ./load_data.sh hive创建表格DWD_D_USE_CB_VOICE_201708成功！
[INFO] 2017-12-20 16:28:20 cuiyufei ./load_data.sh hive导入数据/user/cuiyufei/hive/CPHQ-20170913-170053_DWD_D_USE_CB_VOICE_070_01_31_0000001.070=>DWD_D_USE_CB_VOICE_201708成功！
[INFO] 2017-12-20 16:28:20 cuiyufei ./load_data.sh 开始创建表格...
[INFO] 2017-12-20 16:28:21 cuiyufei ./load_data.sh 创建表格DWA_V_M_CUS_CB_RNS_201708的sql文件成功！
[INFO] 2017-12-20 16:28:21 cuiyufei ./load_data.sh hive创建表格DWA_V_M_CUS_CB_RNS_201708成功！
[INFO] 2017-12-20 16:28:21 cuiyufei ./load_data.sh hive导入数据/user/cuiyufei/hive/CPHQ-20170915-102753_DWA_V_M_CUS_CB_RNS_070_01_0000001.070=>DWA_V_M_CUS_CB_RNS_201708成功！
[INFO] 2017-12-20 16:28:21 cuiyufei ./load_data.sh 开始创建表格...
[INFO] 2017-12-20 16:28:21 cuiyufei ./load_data.sh 创建表格DWD_M_ACC_CB_ACCT_DEPOSIT_201708的sql文件成功！
[INFO] 2017-12-20 16:28:21 cuiyufei ./load_data.sh hive创建表格DWD_M_ACC_CB_ACCT_DEPOSIT_201708成功！
[INFO] 2017-12-20 16:28:21 cuiyufei ./load_data.sh hive导入数据/user/cuiyufei/hive/CPHQ-20171114-153943_DWD_M_ACC_CB_ACCT_DEPOSIT_070_01_0000001.070=>DWD_M_ACC_CB_ACCT_DEPOSIT_201708成功！
[INFO] 2017-12-20 16:28:21 cuiyufei ./load_data.sh 开始创建表格...
[INFO] 2017-12-20 16:28:22 cuiyufei ./load_data.sh 创建表格DWD_M_ACC_CB_PAYLOG_201708的sql文件成功！
[INFO] 2017-12-20 16:28:22 cuiyufei ./load_data.sh hive创建表格DWD_M_ACC_CB_PAYLOG_201708成功！
[INFO] 2017-12-20 16:28:22 cuiyufei ./load_data.sh hive导入数据/user/cuiyufei/hive/CPHQ-20171114-153943_DWD_M_ACC_CB_PAYLOG_070_01_0000001.070=>DWD_M_ACC_CB_PAYLOG_201708成功！
[INFO] 2017-12-20 16:28:22 cuiyufei ./load_data.sh 开始创建表格...
[INFO] 2017-12-20 16:28:22 cuiyufei ./load_data.sh 创建表格DWA_V_M_CUS_CB_USER_3WU_201708的sql文件成功！
[INFO] 2017-12-20 16:28:22 cuiyufei ./load_data.sh hive创建表格DWA_V_M_CUS_CB_USER_3WU_201708成功！
[INFO] 2017-12-20 16:28:22 cuiyufei ./load_data.sh hive导入数据/user/cuiyufei/hive/CPHQ-CPHQ-20170913-170053_DWA_V_M_CUS_CB_USER_3WU_070_01_0000001.070=>DWA_V_M_CUS_CB_USER_3WU_201708成功！
[INFO] 2017-12-20 16:28:22 cuiyufei ./load_data.sh 程序执行成功!用时:14 seconds
[INFO] 2017-12-20 16:52:54 cuiyufei ./load_data.sh 开始创建表格...
[INFO] 2017-12-20 16:52:55 cuiyufei ./load_data.sh 创建表格DWA_V_M_CUS_CB_USER_INFO_201708的sql文件成功！
[INFO] 2017-12-20 16:54:42 cuiyufei ./load_data.sh 开始创建表格...
[INFO] 2017-12-20 16:54:44 cuiyufei ./load_data.sh 创建表格DWA_V_M_CUS_CB_USER_INFO_201708的sql文件成功！
[INFO] 2017-12-20 16:54:57 cuiyufei ./load_data.sh hive创建表格DWA_V_M_CUS_CB_USER_INFO_201708成功！
[INFO] 2017-12-20 16:55:11 cuiyufei ./load_data.sh hive导入数据/user/cuiyufei/hive/CPHQ-20170913-170053_DWA_V_M_CUS_CB_USER_INFO_010_01_0000001.070=>DWA_V_M_CUS_CB_USER_INFO_201708成功！
[INFO] 2017-12-20 16:55:11 cuiyufei ./load_data.sh 开始创建表格...
[INFO] 2017-12-20 16:55:12 cuiyufei ./load_data.sh 创建表格DWA_V_M_CUS_NM_CHARGE_201708的sql文件成功！
[INFO] 2017-12-20 16:55:25 cuiyufei ./load_data.sh hive创建表格DWA_V_M_CUS_NM_CHARGE_201708成功！
[INFO] 2017-12-20 16:55:38 cuiyufei ./load_data.sh hive导入数据/user/cuiyufei/hive/CPHQ-20170913-170053_DWA_V_M_CUS_NM_CHARGE_070_01~11_0000001.070=>DWA_V_M_CUS_NM_CHARGE_201708成功！
[INFO] 2017-12-20 16:55:38 cuiyufei ./load_data.sh 开始创建表格...
[INFO] 2017-12-20 16:55:38 cuiyufei ./load_data.sh 创建表格DWA_V_M_CUS_NM_SING_FLUX_201708的sql文件成功！
[INFO] 2017-12-20 16:55:51 cuiyufei ./load_data.sh hive创建表格DWA_V_M_CUS_NM_SING_FLUX_201708成功！
[INFO] 2017-12-20 16:56:05 cuiyufei ./load_data.sh hive导入数据/user/cuiyufei/hive/CPHQ-20170913-170053_DWA_V_M_CUS_NM_SING_FLUX_070_01_0000001.070=>DWA_V_M_CUS_NM_SING_FLUX_201708成功！
[INFO] 2017-12-20 16:56:05 cuiyufei ./load_data.sh 开始创建表格...
[INFO] 2017-12-20 16:56:05 cuiyufei ./load_data.sh 创建表格DWD_D_USE_CB_FLUX_201708的sql文件成功！
[INFO] 2017-12-20 16:56:18 cuiyufei ./load_data.sh hive创建表格DWD_D_USE_CB_FLUX_201708成功！
[INFO] 2017-12-20 16:56:31 cuiyufei ./load_data.sh hive导入数据/user/cuiyufei/hive/CPHQ-20170913-170053_DWD_D_USE_CB_FLUX_070_01_31_0000001.070=>DWD_D_USE_CB_FLUX_201708成功！
[INFO] 2017-12-20 16:56:31 cuiyufei ./load_data.sh 开始创建表格...
[INFO] 2017-12-20 16:56:32 cuiyufei ./load_data.sh 创建表格DWD_D_USE_CB_SMS_201708的sql文件成功！
[INFO] 2017-12-20 16:56:44 cuiyufei ./load_data.sh hive创建表格DWD_D_USE_CB_SMS_201708成功！
[INFO] 2017-12-20 16:56:58 cuiyufei ./load_data.sh hive导入数据/user/cuiyufei/hive/CPHQ-20170913-170053_DWD_D_USE_CB_SMS_070_01_31_0000001.070=>DWD_D_USE_CB_SMS_201708成功！
[INFO] 2017-12-20 16:56:58 cuiyufei ./load_data.sh 开始创建表格...
[INFO] 2017-12-20 16:56:58 cuiyufei ./load_data.sh 创建表格DWD_D_USE_CB_VOICE_201708的sql文件成功！
[INFO] 2017-12-20 16:57:11 cuiyufei ./load_data.sh hive创建表格DWD_D_USE_CB_VOICE_201708成功！
[INFO] 2017-12-20 16:57:25 cuiyufei ./load_data.sh hive导入数据/user/cuiyufei/hive/CPHQ-20170913-170053_DWD_D_USE_CB_VOICE_070_01_31_0000001.070=>DWD_D_USE_CB_VOICE_201708成功！
[INFO] 2017-12-20 16:57:25 cuiyufei ./load_data.sh 开始创建表格...
[INFO] 2017-12-20 16:57:25 cuiyufei ./load_data.sh 创建表格DWA_V_M_CUS_CB_RNS_201708的sql文件成功！
[INFO] 2017-12-20 16:57:38 cuiyufei ./load_data.sh hive创建表格DWA_V_M_CUS_CB_RNS_201708成功！
[INFO] 2017-12-20 16:57:51 cuiyufei ./load_data.sh hive导入数据/user/cuiyufei/hive/CPHQ-20170915-102753_DWA_V_M_CUS_CB_RNS_070_01_0000001.070=>DWA_V_M_CUS_CB_RNS_201708成功！
[INFO] 2017-12-20 16:57:51 cuiyufei ./load_data.sh 开始创建表格...
[INFO] 2017-12-20 16:57:51 cuiyufei ./load_data.sh 创建表格DWD_M_ACC_CB_ACCT_DEPOSIT_201708的sql文件成功！
[INFO] 2017-12-20 16:58:04 cuiyufei ./load_data.sh hive创建表格DWD_M_ACC_CB_ACCT_DEPOSIT_201708成功！
[INFO] 2017-12-20 16:58:18 cuiyufei ./load_data.sh hive导入数据/user/cuiyufei/hive/CPHQ-20171114-153943_DWD_M_ACC_CB_ACCT_DEPOSIT_070_01_0000001.070=>DWD_M_ACC_CB_ACCT_DEPOSIT_201708成功！
[INFO] 2017-12-20 16:58:18 cuiyufei ./load_data.sh 开始创建表格...
[INFO] 2017-12-20 16:58:18 cuiyufei ./load_data.sh 创建表格DWD_M_ACC_CB_PAYLOG_201708的sql文件成功！
[INFO] 2017-12-20 16:58:32 cuiyufei ./load_data.sh hive创建表格DWD_M_ACC_CB_PAYLOG_201708成功！
[INFO] 2017-12-20 16:58:46 cuiyufei ./load_data.sh hive导入数据/user/cuiyufei/hive/CPHQ-20171114-153943_DWD_M_ACC_CB_PAYLOG_070_01_0000001.070=>DWD_M_ACC_CB_PAYLOG_201708成功！
[INFO] 2017-12-20 16:58:46 cuiyufei ./load_data.sh 开始创建表格...
[INFO] 2017-12-20 16:58:46 cuiyufei ./load_data.sh 创建表格DWA_V_M_CUS_CB_USER_3WU_201708的sql文件成功！
[INFO] 2017-12-20 16:59:00 cuiyufei ./load_data.sh hive创建表格DWA_V_M_CUS_CB_USER_3WU_201708成功！
[INFO] 2017-12-20 16:59:13 cuiyufei ./load_data.sh hive导入数据/user/cuiyufei/hive/CPHQ-CPHQ-20170913-170053_DWA_V_M_CUS_CB_USER_3WU_070_01_0000001.070=>DWA_V_M_CUS_CB_USER_3WU_201708成功！
[INFO] 2017-12-20 16:59:13 cuiyufei ./load_data.sh 程序执行成功!用时:277 seconds
