[INFO] 2017-05-16 11:55:22 [dataAnalysis] file [TS_B_BILL] msg [SUCCESS]
[INFO] 2017-05-16 11:55:22 [getCode] file [TS_B_BILL] msg [CMBDWDE07027]
[INFO] 2017-05-16 11:55:22 [SQLLDR_HB] file [TS_B_BILL] msg [SUCCESS]
[INFO] 2017-05-16 11:55:22 [SQLLDR_SD] file [TS_B_BILL] msg [SUCCESS]
[INFO] 2017-05-16 11:58:13 [dataAnalysis] file [TS_B_BILL] msg [SUCCESS]
[INFO] 2017-05-16 11:58:13 [getCode] file [TS_B_BILL] msg [CMBDWDE07027]
[INFO] 2017-05-16 11:58:13 [SQLLDR_HB] file [TS_B_BILL] msg [SUCCESS]
[INFO] 2017-05-16 11:58:13 [SQLLDR_SD] file [TS_B_BILL] msg [SUCCESS]
[INFO] 2017-05-16 12:01:05 [dataAnalysis] file [TS_B_BILL] msg [SUCCESS]
[INFO] 2017-05-16 12:01:05 [getCode] file [TS_B_BILL] msg [CMBDWDE07027]
[INFO] 2017-05-16 12:01:05 [SQLLDR_HB] file [TS_B_BILL] msg [SUCCESS]
[INFO] 2017-05-16 12:01:05 [SQLLDR_SD] file [TS_B_BILL] msg [SUCCESS]
[INFO] 2017-05-16 12:02:03 [dataAnalysis] file [TS_B_BILL] msg [SUCCESS]
[INFO] 2017-05-16 12:02:03 [getCode] file [TS_B_BILL] msg [CMBDWDE07027]
[INFO] 2017-05-16 12:02:27 [dataAnalysis] file [TS_B_BILL] msg [SUCCESS]
[INFO] 2017-05-16 12:02:27 [getCode] file [TS_B_BILL] msg [CMBDWDE07027]
[INFO] 2017-05-16 12:11:56 [dataAnalysis] file [SUCCESS] msg []
[INFO] 2017-05-16 12:11:56 [getCode] file [] msg []
[INFO] 2017-05-16 12:11:56 [SQLLDR_HB] file [SUCCESS] msg []
[INFO] 2017-05-16 12:11:56 [SQLLDR_SD] file [SUCCESS] msg []
[INFO] 2017-05-16 12:14:02 [dataAnalysis] file [TS_B_BILL] msg [SUCCESS]
[INFO] 2017-05-16 12:14:02 [getCode] file [TS_B_BILL] msg [CMBDWDE07027]
[INFO] 2017-05-16 12:22:10 [dataAnalysis] file [TS_B_BILL] msg [SUCCESS]
[INFO] 2017-05-16 12:22:10 [getCode] file [TS_B_BILL] msg [CMBDWDE07027]
[INFO] 2017-05-16 12:27:15 [dataAnalysis] file [TS_B_BILL] msg [SUCCESS]
[INFO] 2017-05-16 12:27:15 [getCode] file [TS_B_BILL] msg [CMBDWDE07027]
[INFO] 2017-05-16 12:30:56 [dataAnalysis] file [TS_B_BILL] msg [SUCCESS]
[INFO] 2017-05-16 12:30:56 [getCode] file [TS_B_BILL] msg [CMBDWDE07027]
[INFO] 2017-05-16 12:31:56 [dataAnalysis] file [TS_B_BILL] msg [SUCCESS]
[INFO] 2017-05-16 12:31:56 [getCode] file [TS_B_BILL] msg [CMBDWDE07027]
[INFO] 2017-05-16 12:32:34 [dataAnalysis] file [TS_B_BILL] msg [SUCCESS]
[INFO] 2017-05-16 12:32:34 [getCode] file [TS_B_BILL] msg [CMBDWDE07027]
[INFO] 2017-05-16 12:33:19 [SQLLDR_HB] file [TS_B_BILL] msg [SUCCESS]
[INFO] 2017-05-16 12:33:41 [SQLLDR_SD] file [TS_B_BILL] msg [SUCCESS]
[INFO] 2017-05-16 14:03:26 [dataAnalysis] file [TS_B_BILL] msg [SUCCESS]
[INFO] 2017-05-16 14:03:26 [getCode] file [TS_B_BILL] msg [CMBDWDE07027]
[INFO] 2017-05-16 14:43:21 [dataAnalysis] file [TF_F_USER_PURCHASE] msg [SUCCESS]
[INFO] 2017-05-16 14:43:21 [getCode] file [TF_F_USER_PURCHASE] msg [CDBDWDE03014]
[INFO] 2017-05-16 14:43:22 [SQLLDR_HB] file [TF_F_USER_PURCHASE] msg [SUCCESS]
[INFO] 2017-05-16 14:43:22 [SQLLDR_SD] file [TF_F_USER_PURCHASE] msg [SUCCESS]
[INFO] 2017-05-16 15:45:25 [dataAnalysis] file [TF_R_TERMINAL_ARCH] msg [SUCCESS]
[INFO] 2017-05-16 15:45:25 [getCode] file [TF_R_TERMINAL_ARCH] msg [CDBDWDE13013]
[INFO] 2017-05-16 15:45:25 [SQLLDR_HB] file [TF_R_TERMINAL_ARCH] msg [SUCCESS]
[INFO] 2017-05-16 15:45:26 [SQLLDR_SD] file [TF_R_TERMINAL_ARCH] msg [SUCCESS]
[INFO] 2017-05-16 16:20:19 [dataAnalysis] file [TS_B_BILL] msg [SUCCESS]
[INFO] 2017-05-16 16:20:19 [getCode] file [TS_B_BILL] msg [CMBDWDE07027]
[INFO] 2017-05-16 16:20:55 [dataAnalysis] file [TF_F_USER_PURCHASE] msg [SUCCESS]
[INFO] 2017-05-16 16:20:55 [getCode] file [TF_F_USER_PURCHASE] msg [CDBDWDE03014]
[INFO] 2017-05-16 16:20:55 [SQLLDR_HB] file [TF_F_USER_PURCHASE] msg [SUCCESS]
[INFO] 2017-05-16 16:20:56 [SQLLDR_SD] file [TF_F_USER_PURCHASE] msg [SUCCESS]
[INFO] 2017-05-16 17:17:13 [dataAnalysis] file [TS_B_BILL] msg [SUCCESS]
[INFO] 2017-05-16 17:17:13 [getCode] file [TS_B_BILL] msg [CMBDWDE07027]
[INFO] 2017-05-16 17:18:00 [dataAnalysis] file [TF_F_USER_PURCHASE] msg [SUCCESS]
[INFO] 2017-05-16 17:18:00 [getCode] file [TF_F_USER_PURCHASE] msg [CDBDWDE03014]
[INFO] 2017-05-16 17:18:01 [SQLLDR_HB] file [TF_F_USER_PURCHASE] msg [SUCCESS]
[INFO] 2017-05-16 17:18:01 [SQLLDR_SD] file [TF_F_USER_PURCHASE] msg [SUCCESS]
[INFO] 2017-05-16 17:18:55 [dataAnalysis] file [TF_F_USER_PURCHASE] msg [SUCCESS]
[INFO] 2017-05-16 17:18:55 [getCode] file [TF_F_USER_PURCHASE] msg [CDBDWDE03014]
[INFO] 2017-05-16 17:18:56 [SQLLDR_HB] file [TF_F_USER_PURCHASE] msg [SUCCESS]
[INFO] 2017-05-16 17:18:56 [SQLLDR_SD] file [TF_F_USER_PURCHASE] msg [SUCCESS]
[INFO] 2017-05-16 17:20:06 [dataAnalysis] file [TF_F_USER_PURCHASE] msg [SUCCESS]
[INFO] 2017-05-16 17:20:06 [getCode] file [TF_F_USER_PURCHASE] msg [CDBDWDE03014]
[INFO] 2017-05-16 17:20:07 [SQLLDR_HB] file [TF_F_USER_PURCHASE] msg [SUCCESS]
[INFO] 2017-05-16 17:20:07 [SQLLDR_SD] file [TF_F_USER_PURCHASE] msg [SUCCESS]
[INFO] 2017-05-16 17:22:03 [dataAnalysis] file [TF_F_USER_PURCHASE] msg [SUCCESS]
[INFO] 2017-05-16 17:22:03 [getCode] file [TF_F_USER_PURCHASE] msg [CDBDWDE03014]
[INFO] 2017-05-16 17:22:03 [SQLLDR_HB] file [TF_F_USER_PURCHASE] msg [SUCCESS]
[INFO] 2017-05-16 17:22:04 [SQLLDR_SD] file [TF_F_USER_PURCHASE] msg [SUCCESS]
[INFO] 2017-05-16 17:22:58 [dataAnalysis] file [TF_F_USER_PURCHASE] msg [SUCCESS]
[INFO] 2017-05-16 17:22:58 [getCode] file [TF_F_USER_PURCHASE] msg [CDBDWDE03014]
[INFO] 2017-05-16 17:26:46 [SQLLDR_HB] file [TF_F_USER_PURCHASE] msg [SUCCESS]
