[INFO] 2017-12-15 12:40:01 cuiyufei ./hdfs.sh 开始获取sftp文件列表...
[INFO] 2017-12-15 12:40:02 cuiyufei ./hdfs.sh sftp文件列表获取完成！
[INFO] 2017-12-15 12:40:02 cuiyufei ./hdfs.sh 生成待更新列表...
[INFO] 2017-12-15 12:40:02 cuiyufei ./hdfs.sh 待更新列表生成完成！
[INFO] 2017-12-15 12:40:02 cuiyufei ./hdfs.sh get数据sftp.sh
[INFO] 2017-12-15 12:40:08 cuiyufei ./hdfs.sh sftp.sh下载完成！
[INFO] 2017-12-15 12:40:08 cuiyufei ./hdfs.sh hdfs put sftp.sh...
[INFO] 2017-12-15 12:40:08 cuiyufei ./hdfs.sh 
*****************************************************************
*                                                               *
*               信息化部数据中心数据更新                        *
*****************************************************************
		#更新时间:2017年 12月 15日 星期五 12:40:01 CST
		#数据数量:1
		#数据大小:8.0K
		#用    时:7 s
		#HDFS目录:/user/cuiyufei/
		#日志文件:/home/cuiyufei/sftp/log
**************************数据更新完成！*************************
[INFO] 2017-12-15 12:51:02 cuiyufei ./hdfs.sh 开始获取sftp文件列表...
[INFO] 2017-12-15 12:51:03 cuiyufei ./hdfs.sh sftp文件列表获取完成！
[INFO] 2017-12-15 12:51:03 cuiyufei ./hdfs.sh 生成待更新列表...
[INFO] 2017-12-15 12:51:03 cuiyufei ./hdfs.sh 待更新列表生成完成！
[INFO] 2017-12-15 12:51:03 cuiyufei ./hdfs.sh get数据sftp.sh
[INFO] 2017-12-15 12:51:03 cuiyufei ./hdfs.sh sftp.sh下载完成！
[INFO] 2017-12-15 12:51:03 cuiyufei ./hdfs.sh hdfs put sftp.sh...
[INFO] 2017-12-15 12:51:08 cuiyufei ./hdfs.sh 
*****************************************************************
*                                                               *
*               信息化部数据中心数据更新                        *
*****************************************************************
		#更新时间:2017年 12月 15日 星期五 12:51:02 CST
		#数据数量:1
		#数据大小:8.0K
		#用    时:6 s
		#HDFS目录:/user/cuiyufei/
		#日志文件:/home/cuiyufei/sftp/log
**************************数据更新完成！*************************
